[0.043s] DEBUG:colcon:Command line arguments: ['/usr/bin/colcon', 'list', '-p', '--base-paths', '/home/erkheme/github/ros2/Trobot']
[0.043s] DEBUG:colcon:Parsed command line arguments: Namespace(log_base=None, log_level=None, verb_name='list', build_base='build', ignore_user_meta=False, metas=['./colcon.meta'], base_paths=['/home/erkheme/github/ros2/Trobot'], packages_ignore=None, packages_ignore_regex=None, paths=None, packages_up_to=None, packages_up_to_regex=None, packages_above=None, packages_above_and_dependencies=None, packages_above_depth=None, packages_select_by_dep=None, packages_skip_by_dep=None, packages_skip_up_to=None, packages_select_build_failed=False, packages_skip_build_finished=False, packages_select_test_failures=False, packages_skip_test_passed=False, packages_select=None, packages_skip=None, packages_select_regex=None, packages_skip_regex=None, packages_start=None, packages_end=None, allow_overriding=[], topological_order=False, names_only=False, paths_only=True, topological_graph=False, topological_graph_dot=False, topological_graph_density=False, topological_graph_legend=False, topological_graph_dot_cluster=False, topological_graph_dot_include_skipped=False, mixin_files=None, mixin=None, verb_parser=<colcon_mixin.mixin.mixin_argument.MixinArgumentDecorator object at 0x7037f57794b0>, verb_extension=<colcon_package_information.verb.list.ListVerb object at 0x7037f58f2440>, main=<bound method ListVerb.main of <colcon_package_information.verb.list.ListVerb object at 0x7037f58f2440>>, mixin_verb=('list',))
[0.132s] Level 1:colcon.colcon_core.package_discovery:discover_packages(colcon_meta) check parameters
[0.132s] Level 1:colcon.colcon_core.package_discovery:discover_packages(recursive) check parameters
[0.132s] Level 1:colcon.colcon_core.package_discovery:discover_packages(ignore) check parameters
[0.132s] Level 1:colcon.colcon_core.package_discovery:discover_packages(path) check parameters
[0.132s] Level 1:colcon.colcon_core.package_discovery:discover_packages(recursive) discover
[0.132s] INFO:colcon.colcon_core.package_discovery:Crawling recursively for packages in '/home/erkheme/github/ros2/Trobot'
[0.132s] Level 1:colcon.colcon_core.package_identification:_identify(/home/erkheme/github/ros2/Trobot) by extensions ['ignore', 'ignore_ament_install']
[0.132s] Level 1:colcon.colcon_core.package_identification:_identify(/home/erkheme/github/ros2/Trobot) by extension 'ignore'
[0.132s] Level 1:colcon.colcon_core.package_identification:_identify(/home/erkheme/github/ros2/Trobot) by extension 'ignore_ament_install'
[0.132s] Level 1:colcon.colcon_core.package_identification:_identify(/home/erkheme/github/ros2/Trobot) by extensions ['colcon_pkg']
[0.132s] Level 1:colcon.colcon_core.package_identification:_identify(/home/erkheme/github/ros2/Trobot) by extension 'colcon_pkg'
[0.132s] Level 1:colcon.colcon_core.package_identification:_identify(/home/erkheme/github/ros2/Trobot) by extensions ['colcon_meta']
[0.132s] Level 1:colcon.colcon_core.package_identification:_identify(/home/erkheme/github/ros2/Trobot) by extension 'colcon_meta'
[0.132s] Level 1:colcon.colcon_core.package_identification:_identify(/home/erkheme/github/ros2/Trobot) by extensions ['ros']
[0.132s] Level 1:colcon.colcon_core.package_identification:_identify(/home/erkheme/github/ros2/Trobot) by extension 'ros'
[0.138s] Level 1:colcon.colcon_core.package_identification:_identify(/home/erkheme/github/ros2/Trobot) by extensions ['cmake', 'python']
[0.138s] Level 1:colcon.colcon_core.package_identification:_identify(/home/erkheme/github/ros2/Trobot) by extension 'cmake'
[0.138s] Level 1:colcon.colcon_core.package_identification:_identify(/home/erkheme/github/ros2/Trobot) by extension 'python'
[0.138s] Level 1:colcon.colcon_core.package_identification:_identify(/home/erkheme/github/ros2/Trobot) by extensions ['python_setup_py']
[0.138s] Level 1:colcon.colcon_core.package_identification:_identify(/home/erkheme/github/ros2/Trobot) by extension 'python_setup_py'
[0.138s] Level 1:colcon.colcon_core.package_identification:_identify(/home/erkheme/github/ros2/Trobot/build) by extensions ['ignore', 'ignore_ament_install']
[0.138s] Level 1:colcon.colcon_core.package_identification:_identify(/home/erkheme/github/ros2/Trobot/build) by extension 'ignore'
[0.138s] Level 1:colcon.colcon_core.package_identification:_identify(/home/erkheme/github/ros2/Trobot/build) ignored
[0.138s] Level 1:colcon.colcon_core.package_identification:_identify(/home/erkheme/github/ros2/Trobot/install) by extensions ['ignore', 'ignore_ament_install']
[0.138s] Level 1:colcon.colcon_core.package_identification:_identify(/home/erkheme/github/ros2/Trobot/install) by extension 'ignore'
[0.138s] Level 1:colcon.colcon_core.package_identification:_identify(/home/erkheme/github/ros2/Trobot/install) ignored
[0.138s] Level 1:colcon.colcon_core.package_identification:_identify(/home/erkheme/github/ros2/Trobot/log) by extensions ['ignore', 'ignore_ament_install']
[0.138s] Level 1:colcon.colcon_core.package_identification:_identify(/home/erkheme/github/ros2/Trobot/log) by extension 'ignore'
[0.138s] Level 1:colcon.colcon_core.package_identification:_identify(/home/erkheme/github/ros2/Trobot/log) ignored
[0.138s] Level 1:colcon.colcon_core.package_identification:_identify(/home/erkheme/github/ros2/Trobot/src) by extensions ['ignore', 'ignore_ament_install']
[0.138s] Level 1:colcon.colcon_core.package_identification:_identify(/home/erkheme/github/ros2/Trobot/src) by extension 'ignore'
[0.138s] Level 1:colcon.colcon_core.package_identification:_identify(/home/erkheme/github/ros2/Trobot/src) by extension 'ignore_ament_install'
[0.138s] Level 1:colcon.colcon_core.package_identification:_identify(/home/erkheme/github/ros2/Trobot/src) by extensions ['colcon_pkg']
[0.138s] Level 1:colcon.colcon_core.package_identification:_identify(/home/erkheme/github/ros2/Trobot/src) by extension 'colcon_pkg'
[0.138s] Level 1:colcon.colcon_core.package_identification:_identify(/home/erkheme/github/ros2/Trobot/src) by extensions ['colcon_meta']
[0.138s] Level 1:colcon.colcon_core.package_identification:_identify(/home/erkheme/github/ros2/Trobot/src) by extension 'colcon_meta'
[0.138s] Level 1:colcon.colcon_core.package_identification:_identify(/home/erkheme/github/ros2/Trobot/src) by extensions ['ros']
[0.138s] Level 1:colcon.colcon_core.package_identification:_identify(/home/erkheme/github/ros2/Trobot/src) by extension 'ros'
[0.138s] Level 1:colcon.colcon_core.package_identification:_identify(/home/erkheme/github/ros2/Trobot/src) by extensions ['cmake', 'python']
[0.138s] Level 1:colcon.colcon_core.package_identification:_identify(/home/erkheme/github/ros2/Trobot/src) by extension 'cmake'
[0.138s] Level 1:colcon.colcon_core.package_identification:_identify(/home/erkheme/github/ros2/Trobot/src) by extension 'python'
[0.138s] Level 1:colcon.colcon_core.package_identification:_identify(/home/erkheme/github/ros2/Trobot/src) by extensions ['python_setup_py']
[0.138s] Level 1:colcon.colcon_core.package_identification:_identify(/home/erkheme/github/ros2/Trobot/src) by extension 'python_setup_py'
[0.138s] Level 1:colcon.colcon_core.package_identification:_identify(/home/erkheme/github/ros2/Trobot/src/trobot_controller) by extensions ['ignore', 'ignore_ament_install']
[0.138s] Level 1:colcon.colcon_core.package_identification:_identify(/home/erkheme/github/ros2/Trobot/src/trobot_controller) by extension 'ignore'
[0.138s] Level 1:colcon.colcon_core.package_identification:_identify(/home/erkheme/github/ros2/Trobot/src/trobot_controller) by extension 'ignore_ament_install'
[0.138s] Level 1:colcon.colcon_core.package_identification:_identify(/home/erkheme/github/ros2/Trobot/src/trobot_controller) by extensions ['colcon_pkg']
[0.138s] Level 1:colcon.colcon_core.package_identification:_identify(/home/erkheme/github/ros2/Trobot/src/trobot_controller) by extension 'colcon_pkg'
[0.138s] Level 1:colcon.colcon_core.package_identification:_identify(/home/erkheme/github/ros2/Trobot/src/trobot_controller) by extensions ['colcon_meta']
[0.138s] Level 1:colcon.colcon_core.package_identification:_identify(/home/erkheme/github/ros2/Trobot/src/trobot_controller) by extension 'colcon_meta'
[0.138s] Level 1:colcon.colcon_core.package_identification:_identify(/home/erkheme/github/ros2/Trobot/src/trobot_controller) by extensions ['ros']
[0.138s] Level 1:colcon.colcon_core.package_identification:_identify(/home/erkheme/github/ros2/Trobot/src/trobot_controller) by extension 'ros'
[0.140s] DEBUG:colcon.colcon_core.package_identification:Package '/home/erkheme/github/ros2/Trobot/src/trobot_controller' with type 'ros.ament_python' and name 'trobot_controller'
[0.140s] Level 1:colcon.colcon_core.package_discovery:discover_packages(recursive) using defaults
